2023-10-12 17:59:59,180 INFO o.a.j.u.JMeterUtils: Setting Locale to en_EN
2023-10-12 17:59:59,230 INFO o.a.j.JMeter: Loading user properties from: user.properties
2023-10-12 17:59:59,231 INFO o.a.j.JMeter: Loading system properties from: system.properties
2023-10-12 17:59:59,250 INFO o.a.j.JMeter: Copyright (c) 1998-2023 The Apache Software Foundation
2023-10-12 17:59:59,250 INFO o.a.j.JMeter: Version 5.6.2
2023-10-12 17:59:59,250 INFO o.a.j.JMeter: java.version=15.0.2
2023-10-12 17:59:59,251 INFO o.a.j.JMeter: java.vm.name=Java HotSpot(TM) 64-Bit Server VM
2023-10-12 17:59:59,251 INFO o.a.j.JMeter: os.name=Windows 10
2023-10-12 17:59:59,251 INFO o.a.j.JMeter: os.arch=amd64
2023-10-12 17:59:59,251 INFO o.a.j.JMeter: os.version=10.0
2023-10-12 17:59:59,251 INFO o.a.j.JMeter: file.encoding=Cp1252
2023-10-12 17:59:59,251 INFO o.a.j.JMeter: java.awt.headless=true
2023-10-12 17:59:59,252 INFO o.a.j.JMeter: Max memory     =1073741824
2023-10-12 17:59:59,252 INFO o.a.j.JMeter: Available Processors =8
2023-10-12 17:59:59,273 INFO o.a.j.JMeter: Default Locale=English (EN)
2023-10-12 17:59:59,274 INFO o.a.j.JMeter: JMeter  Locale=English (EN)
2023-10-12 17:59:59,274 INFO o.a.j.JMeter: JMeterHome=C:\Program Files\apache-jmeter-5.6.2\apache-jmeter-5.6.2
2023-10-12 17:59:59,274 INFO o.a.j.JMeter: user.dir  =C:\Program Files\apache-jmeter-5.6.2\apache-jmeter-5.6.2\bin
2023-10-12 17:59:59,275 INFO o.a.j.JMeter: PWD       =C:\Program Files\apache-jmeter-5.6.2\apache-jmeter-5.6.2\bin
2023-10-12 17:59:59,413 INFO o.a.j.JMeter: IP: 192.168.1.10 Name: LAPTOP-60BNRNQH FullName: 192.168.1.10
2023-10-12 17:59:59,448 INFO o.a.j.JMeter: Loaded icon properties from org/apache/jmeter/images/icon.properties
2023-10-12 17:59:59,880 INFO o.a.j.JMeterGuiLauncher: Setting LAF to: com.github.weisj.darklaf.DarkLaf:com.github.weisj.darklaf.theme.DarculaTheme
2023-10-12 18:00:00,170 ERROR o.a.j.JMeter: An error occurred: 
java.awt.HeadlessException: null
	at java.awt.GraphicsEnvironment.checkHeadless(GraphicsEnvironment.java:165) ~[?:?]
	at java.awt.Window.<init>(Window.java:545) ~[?:?]
	at java.awt.Frame.<init>(Frame.java:423) ~[?:?]
	at java.awt.Frame.<init>(Frame.java:388) ~[?:?]
	at javax.swing.SwingUtilities$SharedOwnerFrame.<init>(SwingUtilities.java:1919) ~[?:?]
	at javax.swing.SwingUtilities.getSharedOwnerFrame(SwingUtilities.java:1995) ~[?:?]
	at javax.swing.JDialog.<init>(JDialog.java:273) ~[?:?]
	at javax.swing.JDialog.<init>(JDialog.java:207) ~[?:?]
	at javax.swing.JDialog.<init>(JDialog.java:155) ~[?:?]
	at org.apache.jmeter.SplashScreen.<init>(SplashScreen.java:52) ~[ApacheJMeter_core.jar:5.6.2]
	at org.apache.jmeter.JMeterGuiLauncher.startGuiInternal(JMeterGuiLauncher.kt:87) ~[ApacheJMeter_core.jar:5.6.2]
	at org.apache.jmeter.JMeterGuiLauncher.access$startGuiInternal(JMeterGuiLauncher.kt:47) ~[ApacheJMeter_core.jar:5.6.2]
	at org.apache.jmeter.JMeterGuiLauncher$startGui$1$1.invokeSuspend(JMeterGuiLauncher.kt:67) ~[ApacheJMeter_core.jar:5.6.2]
	at kotlin.coroutines.jvm.internal.BaseContinuationImpl.resumeWith(ContinuationImpl.kt:33) ~[kotlin-stdlib-1.8.22.jar:1.8.22-release-407(1.8.22)]
	at kotlinx.coroutines.DispatchedTask.run(DispatchedTask.kt:106) ~[kotlinx-coroutines-core-jvm-1.7.1.jar:?]
	at java.awt.event.InvocationEvent.dispatch(InvocationEvent.java:316) ~[?:?]
	at java.awt.EventQueue.dispatchEventImpl(EventQueue.java:770) ~[?:?]
	at java.awt.EventQueue$4.run(EventQueue.java:721) ~[?:?]
	at java.awt.EventQueue$4.run(EventQueue.java:715) ~[?:?]
	at java.security.AccessController.doPrivileged(AccessController.java:391) ~[?:?]
	at java.security.ProtectionDomain$JavaSecurityAccessImpl.doIntersectionPrivilege(ProtectionDomain.java:85) ~[?:?]
	at java.awt.EventQueue.dispatchEvent(EventQueue.java:740) ~[?:?]
	at java.awt.EventDispatchThread.pumpOneEventForFilters(EventDispatchThread.java:203) ~[?:?]
	at java.awt.EventDispatchThread.pumpEventsForFilter(EventDispatchThread.java:124) ~[?:?]
	at java.awt.EventDispatchThread.pumpEventsForHierarchy(EventDispatchThread.java:113) ~[?:?]
	at java.awt.EventDispatchThread.pumpEvents(EventDispatchThread.java:109) ~[?:?]
	at java.awt.EventDispatchThread.pumpEvents(EventDispatchThread.java:101) ~[?:?]
	at java.awt.EventDispatchThread.run(EventDispatchThread.java:90) ~[?:?]
